# JRE version: OpenJDK Runtime Environment Temurin-17.0.10+7 (17.0.10+7) (build 17.0.10+7)
# Java VM: OpenJDK 64-Bit Server VM Temurin-17.0.10+7 (17.0.10+7, mixed mode, emulated-client, tiered, compressed oops, compressed class ptrs, g1 gc, windows-amd64)
GC Precious Log:
 CPUs: 8 total, 8 available
 Memory: 7416M
 Large Page Support: Disabled
 NUMA Support: Disabled
 Compressed Oops: Enabled (32-bit)
 Heap Region Size: 1M
 Heap Min Capacity: 8M
 Heap Initial Capacity: 116M
 Heap Max Capacity: 1G
 Pre-touch: Disabled
 Parallel Workers: 8
 Concurrent Workers: 2
 Concurrent Refinement Workers: 8
 Periodic GC: Disabled
Heap:
 garbage-first heap   total 102400K, used 38096K [0x00000000c0000000, 0x0000000100000000)
  region size 1024K, 1 young (1024K), 0 survivors (0K)
 Metaspace       used 59675K, committed 60096K, reserved 1114112K
  class space    used 7438K, committed 7616K, reserved 1048576K
GC Heap History (20 events):
Event: 14916.420 GC heap before
{Heap before GC invocations=788 (full 769):
 garbage-first heap   total 102400K, used 38096K [0x00000000c0000000, 0x0000000100000000)
  region size 1024K, 1 young (1024K), 0 survivors (0K)
 Metaspace       used 59675K, committed 60096K, reserved 1114112K
  class space    used 7438K, committed 7616K, reserved 1048576K
}
Event: 14916.449 GC heap after
{Heap after GC invocations=789 (full 770):
 garbage-first heap   total 102400K, used 38096K [0x00000000c0000000, 0x0000000100000000)
  region size 1024K, 0 young (0K), 0 survivors (0K)
 Metaspace       used 59675K, committed 60096K, reserved 1114112K
  class space    used 7438K, committed 7616K, reserved 1048576K
}
Event: 14926.625 GC heap before
{Heap before GC invocations=789 (full 770):
 garbage-first heap   total 102400K, used 38096K [0x00000000c0000000, 0x0000000100000000)
  region size 1024K, 1 young (1024K), 0 survivors (0K)
 Metaspace       used 59675K, committed 60096K, reserved 1114112K
  class space    used 7438K, committed 7616K, reserved 1048576K
}
Event: 14926.658 GC heap after
{Heap after GC invocations=790 (full 771):
 garbage-first heap   total 102400K, used 38096K [0x00000000c0000000, 0x0000000100000000)
  region size 1024K, 0 young (0K), 0 survivors (0K)
 Metaspace       used 59675K, committed 60096K, reserved 1114112K
  class space    used 7438K, committed 7616K, reserved 1048576K
}
Event: 14936.801 GC heap before
{Heap before GC invocations=790 (full 771):
 garbage-first heap   total 102400K, used 38096K [0x00000000c0000000, 0x0000000100000000)
  region size 1024K, 1 young (1024K), 0 survivors (0K)
 Metaspace       used 59675K, committed 60096K, reserved 1114112K
  class space    used 7438K, committed 7616K, reserved 1048576K
}
Event: 14936.831 GC heap after
{Heap after GC invocations=791 (full 772):
 garbage-first heap   total 102400K, used 38096K [0x00000000c0000000, 0x0000000100000000)
  region size 1024K, 0 young (0K), 0 survivors (0K)
 Metaspace       used 59675K, committed 60096K, reserved 1114112K
  class space    used 7438K, committed 7616K, reserved 1048576K
}
Event: 14947.012 GC heap before
{Heap before GC invocations=791 (full 772):
 garbage-first heap   total 102400K, used 38096K [0x00000000c0000000, 0x0000000100000000)
  region size 1024K, 1 young (1024K), 0 survivors (0K)
 Metaspace       used 59675K, committed 60096K, reserved 1114112K
  class space    used 7438K, committed 7616K, reserved 1048576K
}
Event: 14947.042 GC heap after
{Heap after GC invocations=792 (full 773):
 garbage-first heap   total 102400K, used 38096K [0x00000000c0000000, 0x0000000100000000)
  region size 1024K, 0 young (0K), 0 survivors (0K)
 Metaspace       used 59675K, committed 60096K, reserved 1114112K
  class space    used 7438K, committed 7616K, reserved 1048576K
}
Event: 14987.358 GC heap before
{Heap before GC invocations=792 (full 773):
 garbage-first heap   total 102400K, used 38096K [0x00000000c0000000, 0x0000000100000000)
  region size 1024K, 1 young (1024K), 0 survivors (0K)
 Metaspace       used 59675K, committed 60096K, reserved 1114112K
  class space    used 7438K, committed 7616K, reserved 1048576K
}
Event: 14987.418 GC heap after
{Heap after GC invocations=793 (full 774):
 garbage-first heap   total 102400K, used 38099K [0x00000000c0000000, 0x0000000100000000)
  region size 1024K, 0 young (0K), 0 survivors (0K)
 Metaspace       used 59675K, committed 60096K, reserved 1114112K
  class space    used 7438K, committed 7616K, reserved 1048576K
}
Event: 14997.713 GC heap before
{Heap before GC invocations=793 (full 774):
 garbage-first heap   total 102400K, used 38099K [0x00000000c0000000, 0x0000000100000000)
  region size 1024K, 1 young (1024K), 0 survivors (0K)
 Metaspace       used 59675K, committed 60096K, reserved 1114112K
  class space    used 7438K, committed 7616K, reserved 1048576K
}
Event: 14997.786 GC heap after
{Heap after GC invocations=794 (full 775):
 garbage-first heap   total 102400K, used 38099K [0x00000000c0000000, 0x0000000100000000)
  region size 1024K, 0 young (0K), 0 survivors (0K)
 Metaspace       used 59675K, committed 60096K, reserved 1114112K
  class space    used 7438K, committed 7616K, reserved 1048576K
}
Event: 15008.156 GC heap before
{Heap before GC invocations=794 (full 775):
 garbage-first heap   total 102400K, used 38099K [0x00000000c0000000, 0x0000000100000000)
  region size 1024K, 1 young (1024K), 0 survivors (0K)
 Metaspace       used 59675K, committed 60096K, reserved 1114112K
  class space    used 7438K, committed 7616K, reserved 1048576K
}
Event: 15008.289 GC heap after
{Heap after GC invocations=795 (full 776):
 garbage-first heap   total 102400K, used 38099K [0x00000000c0000000, 0x0000000100000000)
  region size 1024K, 0 young (0K), 0 survivors (0K)
 Metaspace       used 59675K, committed 60096K, reserved 1114112K
  class space    used 7438K, committed 7616K, reserved 1048576K
}
Event: 15018.648 GC heap before
{Heap before GC invocations=795 (full 776):
 garbage-first heap   total 102400K, used 38099K [0x00000000c0000000, 0x0000000100000000)
  region size 1024K, 1 young (1024K), 0 survivors (0K)
 Metaspace       used 59675K, committed 60096K, reserved 1114112K
  class space    used 7438K, committed 7616K, reserved 1048576K
}
Event: 15018.733 GC heap after
{Heap after GC invocations=796 (full 777):
 garbage-first heap   total 102400K, used 38096K [0x00000000c0000000, 0x0000000100000000)
  region size 1024K, 0 young (0K), 0 survivors (0K)
 Metaspace       used 59675K, committed 60096K, reserved 1114112K
  class space    used 7438K, committed 7616K, reserved 1048576K
}
Event: 15028.862 GC heap before
{Heap before GC invocations=796 (full 777):
 garbage-first heap   total 102400K, used 38096K [0x00000000c0000000, 0x0000000100000000)
  region size 1024K, 1 young (1024K), 0 survivors (0K)
 Metaspace       used 59675K, committed 60096K, reserved 1114112K
  class space    used 7438K, committed 7616K, reserved 1048576K
}
Event: 15028.901 GC heap after
{Heap after GC invocations=797 (full 778):
 garbage-first heap   total 102400K, used 38096K [0x00000000c0000000, 0x0000000100000000)
  region size 1024K, 0 young (0K), 0 survivors (0K)
 Metaspace       used 59675K, committed 60096K, reserved 1114112K
  class space    used 7438K, committed 7616K, reserved 1048576K
}
Event: 15039.102 GC heap before
{Heap before GC invocations=797 (full 778):
 garbage-first heap   total 102400K, used 38096K [0x00000000c0000000, 0x0000000100000000)
  region size 1024K, 1 young (1024K), 0 survivors (0K)
 Metaspace       used 59675K, committed 60096K, reserved 1114112K
  class space    used 7438K, committed 7616K, reserved 1048576K
}
Event: 15039.147 GC heap after
{Heap after GC invocations=798 (full 779):
 garbage-first heap   total 102400K, used 38096K [0x00000000c0000000, 0x0000000100000000)
  region size 1024K, 0 young (0K), 0 survivors (0K)
 Metaspace       used 59675K, committed 60096K, reserved 1114112K
  class space    used 7438K, committed 7616K, reserved 1048576K
}

