# JRE version: OpenJDK Runtime Environment Temurin-17.0.10+7 (17.0.10+7) (build 17.0.10+7)
# Java VM: OpenJDK 64-Bit Server VM Temurin-17.0.10+7 (17.0.10+7, mixed mode, emulated-client, tiered, compressed oops, compressed class ptrs, g1 gc, windows-amd64)
GC Precious Log:
 CPUs: 8 total, 8 available
 Memory: 7416M
 Large Page Support: Disabled
 NUMA Support: Disabled
 Compressed Oops: Enabled (32-bit)
 Heap Region Size: 1M
 Heap Min Capacity: 8M
 Heap Initial Capacity: 116M
 Heap Max Capacity: 1G
 Pre-touch: Disabled
 Parallel Workers: 8
 Concurrent Workers: 2
 Concurrent Refinement Workers: 8
 Periodic GC: Disabled
Heap:
 garbage-first heap   total 78848K, used 27842K [0x00000000c0000000, 0x0000000100000000)
  region size 1024K, 1 young (1024K), 0 survivors (0K)
 Metaspace       used 39655K, committed 40192K, reserved 1114112K
  class space    used 5259K, committed 5504K, reserved 1048576K
GC Heap History (16 events):
Event: 0.570 GC heap before
{Heap before GC invocations=0 (full 0):
 garbage-first heap   total 118784K, used 28672K [0x00000000c0000000, 0x0000000100000000)
  region size 1024K, 23 young (23552K), 0 survivors (0K)
 Metaspace       used 8070K, committed 8256K, reserved 1114112K
  class space    used 896K, committed 960K, reserved 1048576K
}
Event: 0.577 GC heap after
{Heap after GC invocations=1 (full 0):
 garbage-first heap   total 118784K, used 15648K [0x00000000c0000000, 0x0000000100000000)
  region size 1024K, 3 young (3072K), 3 survivors (3072K)
 Metaspace       used 8070K, committed 8256K, reserved 1114112K
  class space    used 896K, committed 960K, reserved 1048576K
}
Event: 1.225 GC heap before
{Heap before GC invocations=1 (full 0):
 garbage-first heap   total 118784K, used 39200K [0x00000000c0000000, 0x0000000100000000)
  region size 1024K, 26 young (26624K), 3 survivors (3072K)
 Metaspace       used 14041K, committed 14272K, reserved 1114112K
  class space    used 1739K, committed 1856K, reserved 1048576K
}
Event: 1.232 GC heap after
{Heap after GC invocations=2 (full 0):
 garbage-first heap   total 118784K, used 17469K [0x00000000c0000000, 0x0000000100000000)
  region size 1024K, 2 young (2048K), 2 survivors (2048K)
 Metaspace       used 14041K, committed 14272K, reserved 1114112K
  class space    used 1739K, committed 1856K, reserved 1048576K
}
Event: 2.036 GC heap before
{Heap before GC invocations=2 (full 0):
 garbage-first heap   total 118784K, used 48189K [0x00000000c0000000, 0x0000000100000000)
  region size 1024K, 34 young (34816K), 2 survivors (2048K)
 Metaspace       used 21298K, committed 21504K, reserved 1114112K
  class space    used 2617K, committed 2752K, reserved 1048576K
}
Event: 2.049 GC heap after
{Heap after GC invocations=3 (full 0):
 garbage-first heap   total 118784K, used 20450K [0x00000000c0000000, 0x0000000100000000)
  region size 1024K, 5 young (5120K), 5 survivors (5120K)
 Metaspace       used 21298K, committed 21504K, reserved 1114112K
  class space    used 2617K, committed 2752K, reserved 1048576K
}
Event: 3.162 GC heap before
{Heap before GC invocations=4 (full 0):
 garbage-first heap   total 78848K, used 60386K [0x00000000c0000000, 0x0000000100000000)
  region size 1024K, 46 young (47104K), 5 survivors (5120K)
 Metaspace       used 28278K, committed 28544K, reserved 1114112K
  class space    used 3532K, committed 3648K, reserved 1048576K
}
Event: 3.170 GC heap after
{Heap after GC invocations=5 (full 0):
 garbage-first heap   total 78848K, used 23576K [0x00000000c0000000, 0x0000000100000000)
  region size 1024K, 6 young (6144K), 6 survivors (6144K)
 Metaspace       used 28278K, committed 28544K, reserved 1114112K
  class space    used 3532K, committed 3648K, reserved 1048576K
}
Event: 3.225 GC heap before
{Heap before GC invocations=5 (full 0):
 garbage-first heap   total 78848K, used 24600K [0x00000000c0000000, 0x0000000100000000)
  region size 1024K, 7 young (7168K), 6 survivors (6144K)
 Metaspace       used 28409K, committed 28672K, reserved 1114112K
  class space    used 3549K, committed 3648K, reserved 1048576K
}
Event: 3.236 GC heap after
{Heap after GC invocations=6 (full 0):
 garbage-first heap   total 78848K, used 24576K [0x00000000c0000000, 0x0000000100000000)
  region size 1024K, 1 young (1024K), 1 survivors (1024K)
 Metaspace       used 28409K, committed 28672K, reserved 1114112K
  class space    used 3549K, committed 3648K, reserved 1048576K
}
Event: 3.765 GC heap before
{Heap before GC invocations=6 (full 0):
 garbage-first heap   total 78848K, used 51200K [0x00000000c0000000, 0x0000000100000000)
  region size 1024K, 28 young (28672K), 1 survivors (1024K)
 Metaspace       used 32363K, committed 32768K, reserved 1114112K
  class space    used 4109K, committed 4288K, reserved 1048576K
}
Event: 3.771 GC heap after
{Heap after GC invocations=7 (full 0):
 garbage-first heap   total 78848K, used 26317K [0x00000000c0000000, 0x0000000100000000)
  region size 1024K, 3 young (3072K), 3 survivors (3072K)
 Metaspace       used 32363K, committed 32768K, reserved 1114112K
  class space    used 4109K, committed 4288K, reserved 1048576K
}
Event: 4.541 GC heap before
{Heap before GC invocations=7 (full 0):
 garbage-first heap   total 78848K, used 45773K [0x00000000c0000000, 0x0000000100000000)
  region size 1024K, 23 young (23552K), 3 survivors (3072K)
 Metaspace       used 36015K, committed 36416K, reserved 1114112K
  class space    used 4646K, committed 4800K, reserved 1048576K
}
Event: 4.548 GC heap after
{Heap after GC invocations=8 (full 0):
 garbage-first heap   total 78848K, used 28163K [0x00000000c0000000, 0x0000000100000000)
  region size 1024K, 2 young (2048K), 2 survivors (2048K)
 Metaspace       used 36015K, committed 36416K, reserved 1114112K
  class space    used 4646K, committed 4800K, reserved 1048576K
}
Event: 44.929 GC heap before
{Heap before GC invocations=9 (full 0):
 garbage-first heap   total 78848K, used 49667K [0x00000000c0000000, 0x0000000100000000)
  region size 1024K, 24 young (24576K), 2 survivors (2048K)
 Metaspace       used 39655K, committed 40192K, reserved 1114112K
  class space    used 5259K, committed 5504K, reserved 1048576K
}
Event: 44.990 GC heap after
{Heap after GC invocations=10 (full 1):
 garbage-first heap   total 78848K, used 27842K [0x00000000c0000000, 0x0000000100000000)
  region size 1024K, 0 young (0K), 0 survivors (0K)
 Metaspace       used 39655K, committed 40192K, reserved 1114112K
  class space    used 5259K, committed 5504K, reserved 1048576K
}

